<?xml version="1.0" encoding="UTF-8"?>
<!-- Generated by org.testng.reporters.JUnitReportReporter -->
<testsuite hostname="Gokulrajs-MacBook-Air.local" failures="0" tests="1" name="gokul.testClass.Naukri" time="20.555" errors="0" timestamp="2024-07-21T18:55:11 IST" skipped="0">
  <testcase classname="gokul.testClass.Naukri" name="findJobs" time="20.555"/>
</testsuite> <!-- gokul.testClass.Naukri -->
