<?xml version="1.0" encoding="UTF-8"?>
<!-- Generated by org.testng.reporters.JUnitReportReporter -->
<testsuite hostname="Gokulrajs-MacBook-Air.local" failures="0" tests="1" name="gokul.testClass.ReadPropertiesFile" time="0.025" errors="0" timestamp="2024-07-21T13:28:43 IST" skipped="0">
  <testcase classname="gokul.testClass.ReadPropertiesFile" name="read" time="0.025"/>
</testsuite> <!-- gokul.testClass.ReadPropertiesFile -->
