<?xml version="1.0" encoding="UTF-8"?>
<!-- Generated by org.testng.reporters.JUnitReportReporter -->
<testsuite hostname="Gokulrajs-MacBook-Air.local" failures="0" tests="2" name="gokul.testClass.Read_JSON_File" time="0.020" errors="0" timestamp="2024-07-21T14:12:36 IST" skipped="0">
  <testcase classname="gokul.testClass.Read_JSON_File" name="print" time="0.018"/>
  <testcase classname="gokul.testClass.Read_JSON_File" name="print" time="0.002"/>
</testsuite> <!-- gokul.testClass.Read_JSON_File -->
